Performing C++ SOURCE FILE Test CMAKE_HAVE_LIBC_PTHREAD failed with the following output:
Change Dir: /home/uwillno/Desktop/BYSJ/C/CMakeFiles/CMakeTmp

Run Build Command(s):/home/uwillno/Felgo/Tools/Ninja/ninja cmTC_6b9b3 && [1/2] Building CXX object CMakeFiles/cmTC_6b9b3.dir/src.cxx.o
FAILED: CMakeFiles/cmTC_6b9b3.dir/src.cxx.o 
/home/uwillno/Android/Sdk/ndk/23.1.7779620/toolchains/llvm/prebuilt/linux-x86_64/bin/clang++ --target=aarch64-none-linux-android21 --sysroot=/home/uwillno/Android/Sdk/ndk/23.1.7779620/toolchains/llvm/prebuilt/linux-x86_64/sysroot -DCMAKE_HAVE_LIBC_PTHREAD  -DANDROID -fdata-sections -ffunction-sections -funwind-tables -fstack-protector-strong -no-canonical-prefixes -D_FORTIFY_SOURCE=2 -Wformat -Werror=format-security -fexceptions -frtti -stdlib=libc++  -O2 -g -DNDEBUG -fPIE -MD -MT CMakeFiles/cmTC_6b9b3.dir/src.cxx.o -MF CMakeFiles/cmTC_6b9b3.dir/src.cxx.o.d -o CMakeFiles/cmTC_6b9b3.dir/src.cxx.o -c /home/uwillno/Desktop/BYSJ/C/CMakeFiles/CMakeTmp/src.cxx
/home/uwillno/Desktop/BYSJ/C/CMakeFiles/CMakeTmp/src.cxx:13:3: error: use of undeclared identifier 'pthread_cancel'
  pthread_cancel(thread);
  ^
1 error generated.
ninja: build stopped: subcommand failed.


Source file was:
#include <pthread.h>

static void* test_func(void* data)
{
  return data;
}

int main(void)
{
  pthread_t thread;
  pthread_create(&thread, NULL, test_func, NULL);
  pthread_detach(thread);
  pthread_cancel(thread);
  pthread_join(thread, NULL);
  pthread_atfork(NULL, NULL, NULL);
  pthread_exit(NULL);

  return 0;
}

